{
  "RSpec": {
    "coverage": {
      "/Users/brittanymartin/projects/JakeWengroff/jake-it-off/app/models/user.rb": [
        1,
        null,
        null,
        1,
        null,
        null,
        1,
        null,
        null
      ],
      "/Users/brittanymartin/projects/JakeWengroff/jake-it-off/app/helpers/application_helper.rb": [
        1,
        null
      ],
      "/Users/brittanymartin/projects/JakeWengroff/jake-it-off/app/helpers/items_helper.rb": [
        1,
        null
      ],
      "/Users/brittanymartin/projects/JakeWengroff/jake-it-off/app/helpers/users_helper.rb": [
        1,
        null
      ],
      "/Users/brittanymartin/projects/JakeWengroff/jake-it-off/app/helpers/welcome_helper.rb": [
        1,
        null
      ],
      "/Users/brittanymartin/projects/JakeWengroff/jake-it-off/app/controllers/items_controller.rb": [
        1,
        null,
        1,
        1,
        1,
        1,
        null,
        0,
        null,
        1,
        null,
        null,
        1,
        2,
        2,
        null,
        2,
        2,
        2,
        null,
        null,
        null,
        null,
        null
      ],
      "/Users/brittanymartin/projects/JakeWengroff/jake-it-off/app/controllers/application_controller.rb": [
        1,
        null,
        null,
        1,
        1,
        null,
        1,
        null,
        1,
        0,
        null,
        null,
        null,
        null
      ],
      "/Users/brittanymartin/projects/JakeWengroff/jake-it-off/app/controllers/users_controller.rb": [
        1,
        null,
        1,
        null,
        1,
        1,
        1,
        null,
        null,
        null
      ],
      "/Users/brittanymartin/projects/JakeWengroff/jake-it-off/app/controllers/welcome_controller.rb": [
        1,
        1,
        null,
        null,
        1,
        null,
        null
      ],
      "/Users/brittanymartin/projects/JakeWengroff/jake-it-off/app/models/item.rb": [
        1,
        1,
        null
      ]
    },
    "timestamp": 1438737375
  }
}
